{"/Users/yutaokuma/Developer/primer-jest/src/tdd-kata/Greeter.ts": {"path":"/Users/yutaokuma/Developer/primer-jest/src/tdd-kata/Greeter.ts","statementMap":{"0":{"start":{"line":3,"column":4},"end":{"line":3,"column":27}},"1":{"start":{"line":1,"column":0},"end":{"line":1,"column":13}}},"fnMap":{"0":{"name":"(anonymous_0)","decl":{"start":{"line":2,"column":2},"end":{"line":2,"column":7}},"loc":{"start":{"line":2,"column":20},"end":{"line":4,"column":3}}}},"branchMap":{},"s":{"0":2,"1":1},"f":{"0":2},"b":{}}
}
